<?xml version="1.0" encoding="UTF-8"?>
<coverage generated="1555656707053" clover="3.2.0">
  <project timestamp="1555656707054" name="All files">
    <metrics statements="31" coveredstatements="25" conditionals="19" coveredconditionals="9" methods="12" coveredmethods="9" elements="62" coveredelements="43" complexity="0" loc="31" ncloc="31" packages="5" files="13" classes="13"/>
    <package name="actions">
      <metrics statements="3" coveredstatements="3" conditionals="0" coveredconditionals="0" methods="3" coveredmethods="1"/>
      <file name="app.js" path="/Users/gustavo/Desktop/Gustavo/TuringFrontEnd/src/actions/app.js">
        <metrics statements="3" coveredstatements="3" conditionals="0" coveredconditionals="0" methods="3" coveredmethods="1"/>
        <line num="7" count="1" type="stmt"/>
        <line num="11" count="1" type="stmt"/>
        <line num="15" count="1" type="stmt"/>
      </file>
      <file name="cart.js" path="/Users/gustavo/Desktop/Gustavo/TuringFrontEnd/src/actions/cart.js">
        <metrics statements="0" coveredstatements="0" conditionals="0" coveredconditionals="0" methods="0" coveredmethods="0"/>
      </file>
      <file name="index.js" path="/Users/gustavo/Desktop/Gustavo/TuringFrontEnd/src/actions/index.js">
        <metrics statements="0" coveredstatements="0" conditionals="0" coveredconditionals="0" methods="0" coveredmethods="0"/>
      </file>
      <file name="products.js" path="/Users/gustavo/Desktop/Gustavo/TuringFrontEnd/src/actions/products.js">
        <metrics statements="0" coveredstatements="0" conditionals="0" coveredconditionals="0" methods="0" coveredmethods="0"/>
      </file>
      <file name="user.js" path="/Users/gustavo/Desktop/Gustavo/TuringFrontEnd/src/actions/user.js">
        <metrics statements="0" coveredstatements="0" conditionals="0" coveredconditionals="0" methods="0" coveredmethods="0"/>
      </file>
    </package>
    <package name="components.Button">
      <metrics statements="6" coveredstatements="3" conditionals="13" coveredconditionals="6" methods="3" coveredmethods="2"/>
      <file name="index.jsx" path="/Users/gustavo/Desktop/Gustavo/TuringFrontEnd/src/components/Button/index.jsx">
        <metrics statements="6" coveredstatements="3" conditionals="13" coveredconditionals="6" methods="3" coveredmethods="2"/>
        <line num="5" count="1" type="cond" truecount="1" falsecount="2"/>
        <line num="7" count="0" type="stmt"/>
        <line num="9" count="1" type="stmt"/>
        <line num="11" count="0" type="stmt"/>
        <line num="15" count="0" type="cond" truecount="0" falsecount="2"/>
        <line num="18" count="1" type="stmt"/>
      </file>
    </package>
    <package name="constants">
      <metrics statements="9" coveredstatements="9" conditionals="0" coveredconditionals="0" methods="0" coveredmethods="0"/>
      <file name="app.js" path="/Users/gustavo/Desktop/Gustavo/TuringFrontEnd/src/constants/app.js">
        <metrics statements="5" coveredstatements="5" conditionals="0" coveredconditionals="0" methods="0" coveredmethods="0"/>
        <line num="1" count="2" type="stmt"/>
        <line num="2" count="2" type="stmt"/>
        <line num="3" count="2" type="stmt"/>
        <line num="4" count="2" type="stmt"/>
        <line num="7" count="2" type="stmt"/>
      </file>
      <file name="cart.js" path="/Users/gustavo/Desktop/Gustavo/TuringFrontEnd/src/constants/cart.js">
        <metrics statements="0" coveredstatements="0" conditionals="0" coveredconditionals="0" methods="0" coveredmethods="0"/>
      </file>
      <file name="index.js" path="/Users/gustavo/Desktop/Gustavo/TuringFrontEnd/src/constants/index.js">
        <metrics statements="0" coveredstatements="0" conditionals="0" coveredconditionals="0" methods="0" coveredmethods="0"/>
      </file>
      <file name="products.js" path="/Users/gustavo/Desktop/Gustavo/TuringFrontEnd/src/constants/products.js">
        <metrics statements="4" coveredstatements="4" conditionals="0" coveredconditionals="0" methods="0" coveredmethods="0"/>
        <line num="2" count="2" type="stmt"/>
        <line num="3" count="2" type="stmt"/>
        <line num="4" count="2" type="stmt"/>
        <line num="6" count="2" type="stmt"/>
      </file>
      <file name="user.js" path="/Users/gustavo/Desktop/Gustavo/TuringFrontEnd/src/constants/user.js">
        <metrics statements="0" coveredstatements="0" conditionals="0" coveredconditionals="0" methods="0" coveredmethods="0"/>
      </file>
    </package>
    <package name="reducers">
      <metrics statements="7" coveredstatements="4" conditionals="6" coveredconditionals="3" methods="1" coveredmethods="1"/>
      <file name="app.js" path="/Users/gustavo/Desktop/Gustavo/TuringFrontEnd/src/reducers/app.js">
        <metrics statements="7" coveredstatements="4" conditionals="6" coveredconditionals="3" methods="1" coveredmethods="1"/>
        <line num="8" count="1" type="stmt"/>
        <line num="16" count="3" type="cond" truecount="2" falsecount="3"/>
        <line num="18" count="0" type="stmt"/>
        <line num="24" count="0" type="stmt"/>
        <line num="29" count="0" type="stmt"/>
        <line num="34" count="2" type="stmt"/>
        <line num="39" count="1" type="stmt"/>
      </file>
    </package>
    <package name="selectors">
      <metrics statements="6" coveredstatements="6" conditionals="0" coveredconditionals="0" methods="5" coveredmethods="5"/>
      <file name="app.js" path="/Users/gustavo/Desktop/Gustavo/TuringFrontEnd/src/selectors/app.js">
        <metrics statements="6" coveredstatements="6" conditionals="0" coveredconditionals="0" methods="5" coveredmethods="5"/>
        <line num="5" count="1" type="stmt"/>
        <line num="6" count="1" type="stmt"/>
        <line num="7" count="1" type="stmt"/>
        <line num="8" count="1" type="stmt"/>
        <line num="10" count="1" type="stmt"/>
        <line num="12" count="1" type="stmt"/>
      </file>
    </package>
  </project>
</coverage>
