<?xml version="1.0" encoding="UTF-8"?>
<coverage generated="1555857829750" clover="3.2.0">
  <project timestamp="1555857829750" name="All files">
    <metrics statements="54" coveredstatements="47" conditionals="22" coveredconditionals="11" methods="19" coveredmethods="10" elements="95" coveredelements="68" complexity="0" loc="54" ncloc="54" packages="5" files="15" classes="15"/>
    <package name="actions">
      <metrics statements="9" coveredstatements="9" conditionals="0" coveredconditionals="0" methods="9" coveredmethods="1"/>
      <file name="app.js" path="/Users/gustavo/Desktop/Gustavo/TuringFrontEnd/src/actions/app.js">
        <metrics statements="4" coveredstatements="4" conditionals="0" coveredconditionals="0" methods="4" coveredmethods="1"/>
        <line num="8" count="1" type="stmt"/>
        <line num="12" count="1" type="stmt"/>
        <line num="16" count="1" type="stmt"/>
        <line num="21" count="1" type="stmt"/>
      </file>
      <file name="cart.js" path="/Users/gustavo/Desktop/Gustavo/TuringFrontEnd/src/actions/cart.js">
        <metrics statements="2" coveredstatements="2" conditionals="0" coveredconditionals="0" methods="2" coveredmethods="0"/>
        <line num="8" count="1" type="stmt"/>
        <line num="13" count="1" type="stmt"/>
      </file>
      <file name="index.js" path="/Users/gustavo/Desktop/Gustavo/TuringFrontEnd/src/actions/index.js">
        <metrics statements="0" coveredstatements="0" conditionals="0" coveredconditionals="0" methods="0" coveredmethods="0"/>
      </file>
      <file name="productDetail.js" path="/Users/gustavo/Desktop/Gustavo/TuringFrontEnd/src/actions/productDetail.js">
        <metrics statements="2" coveredstatements="2" conditionals="0" coveredconditionals="0" methods="2" coveredmethods="0"/>
        <line num="9" count="1" type="stmt"/>
        <line num="14" count="1" type="stmt"/>
      </file>
      <file name="products.js" path="/Users/gustavo/Desktop/Gustavo/TuringFrontEnd/src/actions/products.js">
        <metrics statements="1" coveredstatements="1" conditionals="0" coveredconditionals="0" methods="1" coveredmethods="0"/>
        <line num="8" count="1" type="stmt"/>
      </file>
      <file name="user.js" path="/Users/gustavo/Desktop/Gustavo/TuringFrontEnd/src/actions/user.js">
        <metrics statements="0" coveredstatements="0" conditionals="0" coveredconditionals="0" methods="0" coveredmethods="0"/>
      </file>
    </package>
    <package name="components.Button">
      <metrics statements="6" coveredstatements="3" conditionals="15" coveredconditionals="8" methods="3" coveredmethods="2"/>
      <file name="index.jsx" path="/Users/gustavo/Desktop/Gustavo/TuringFrontEnd/src/components/Button/index.jsx">
        <metrics statements="6" coveredstatements="3" conditionals="15" coveredconditionals="8" methods="3" coveredmethods="2"/>
        <line num="5" count="1" type="cond" truecount="1" falsecount="2"/>
        <line num="7" count="0" type="stmt"/>
        <line num="9" count="1" type="stmt"/>
        <line num="11" count="0" type="stmt"/>
        <line num="15" count="0" type="cond" truecount="0" falsecount="2"/>
        <line num="18" count="1" type="stmt"/>
      </file>
    </package>
    <package name="constants">
      <metrics statements="24" coveredstatements="24" conditionals="0" coveredconditionals="0" methods="0" coveredmethods="0"/>
      <file name="app.js" path="/Users/gustavo/Desktop/Gustavo/TuringFrontEnd/src/constants/app.js">
        <metrics statements="6" coveredstatements="6" conditionals="0" coveredconditionals="0" methods="0" coveredmethods="0"/>
        <line num="1" count="2" type="stmt"/>
        <line num="2" count="2" type="stmt"/>
        <line num="3" count="2" type="stmt"/>
        <line num="4" count="2" type="stmt"/>
        <line num="5" count="2" type="stmt"/>
        <line num="8" count="2" type="stmt"/>
      </file>
      <file name="cart.js" path="/Users/gustavo/Desktop/Gustavo/TuringFrontEnd/src/constants/cart.js">
        <metrics statements="5" coveredstatements="5" conditionals="0" coveredconditionals="0" methods="0" coveredmethods="0"/>
        <line num="2" count="2" type="stmt"/>
        <line num="3" count="2" type="stmt"/>
        <line num="4" count="2" type="stmt"/>
        <line num="5" count="2" type="stmt"/>
        <line num="6" count="2" type="stmt"/>
      </file>
      <file name="index.js" path="/Users/gustavo/Desktop/Gustavo/TuringFrontEnd/src/constants/index.js">
        <metrics statements="0" coveredstatements="0" conditionals="0" coveredconditionals="0" methods="0" coveredmethods="0"/>
      </file>
      <file name="productDetail.js" path="/Users/gustavo/Desktop/Gustavo/TuringFrontEnd/src/constants/productDetail.js">
        <metrics statements="6" coveredstatements="6" conditionals="0" coveredconditionals="0" methods="0" coveredmethods="0"/>
        <line num="3" count="2" type="stmt"/>
        <line num="4" count="2" type="stmt"/>
        <line num="5" count="2" type="stmt"/>
        <line num="7" count="2" type="stmt"/>
        <line num="8" count="2" type="stmt"/>
        <line num="9" count="2" type="stmt"/>
      </file>
      <file name="products.js" path="/Users/gustavo/Desktop/Gustavo/TuringFrontEnd/src/constants/products.js">
        <metrics statements="7" coveredstatements="7" conditionals="0" coveredconditionals="0" methods="0" coveredmethods="0"/>
        <line num="2" count="2" type="stmt"/>
        <line num="3" count="2" type="stmt"/>
        <line num="4" count="2" type="stmt"/>
        <line num="5" count="2" type="stmt"/>
        <line num="6" count="2" type="stmt"/>
        <line num="8" count="2" type="stmt"/>
        <line num="9" count="2" type="stmt"/>
      </file>
      <file name="user.js" path="/Users/gustavo/Desktop/Gustavo/TuringFrontEnd/src/constants/user.js">
        <metrics statements="0" coveredstatements="0" conditionals="0" coveredconditionals="0" methods="0" coveredmethods="0"/>
      </file>
    </package>
    <package name="reducers">
      <metrics statements="8" coveredstatements="4" conditionals="7" coveredconditionals="3" methods="1" coveredmethods="1"/>
      <file name="app.js" path="/Users/gustavo/Desktop/Gustavo/TuringFrontEnd/src/reducers/app.js">
        <metrics statements="8" coveredstatements="4" conditionals="7" coveredconditionals="3" methods="1" coveredmethods="1"/>
        <line num="9" count="1" type="stmt"/>
        <line num="18" count="3" type="cond" truecount="2" falsecount="4"/>
        <line num="20" count="0" type="stmt"/>
        <line num="25" count="0" type="stmt"/>
        <line num="31" count="0" type="stmt"/>
        <line num="36" count="0" type="stmt"/>
        <line num="41" count="2" type="stmt"/>
        <line num="46" count="1" type="stmt"/>
      </file>
    </package>
    <package name="selectors">
      <metrics statements="7" coveredstatements="7" conditionals="0" coveredconditionals="0" methods="6" coveredmethods="6"/>
      <file name="app.js" path="/Users/gustavo/Desktop/Gustavo/TuringFrontEnd/src/selectors/app.js">
        <metrics statements="7" coveredstatements="7" conditionals="0" coveredconditionals="0" methods="6" coveredmethods="6"/>
        <line num="5" count="1" type="stmt"/>
        <line num="6" count="1" type="stmt"/>
        <line num="7" count="1" type="stmt"/>
        <line num="8" count="1" type="stmt"/>
        <line num="9" count="1" type="stmt"/>
        <line num="11" count="1" type="stmt"/>
        <line num="13" count="1" type="stmt"/>
      </file>
    </package>
  </project>
</coverage>
