{"/Users/gustavo/Desktop/Gustavo/TuringFrontEnd/src/actions/app.js": {"path":"/Users/gustavo/Desktop/Gustavo/TuringFrontEnd/src/actions/app.js","statementMap":{"0":{"start":{"line":8,"column":28},"end":{"line":11,"column":2}},"1":{"start":{"line":8,"column":42},"end":{"line":11,"column":1}},"2":{"start":{"line":12,"column":27},"end":{"line":15,"column":2}},"3":{"start":{"line":12,"column":41},"end":{"line":15,"column":1}},"4":{"start":{"line":16,"column":29},"end":{"line":19,"column":2}},"5":{"start":{"line":16,"column":43},"end":{"line":19,"column":1}},"6":{"start":{"line":21,"column":27},"end":{"line":24,"column":2}},"7":{"start":{"line":21,"column":41},"end":{"line":24,"column":1}}},"fnMap":{"0":{"name":"(anonymous_0)","decl":{"start":{"line":8,"column":28},"end":{"line":8,"column":29}},"loc":{"start":{"line":8,"column":42},"end":{"line":11,"column":1}},"line":8},"1":{"name":"(anonymous_1)","decl":{"start":{"line":12,"column":27},"end":{"line":12,"column":28}},"loc":{"start":{"line":12,"column":41},"end":{"line":15,"column":1}},"line":12},"2":{"name":"(anonymous_2)","decl":{"start":{"line":16,"column":29},"end":{"line":16,"column":30}},"loc":{"start":{"line":16,"column":43},"end":{"line":19,"column":1}},"line":16},"3":{"name":"(anonymous_3)","decl":{"start":{"line":21,"column":27},"end":{"line":21,"column":28}},"loc":{"start":{"line":21,"column":41},"end":{"line":24,"column":1}},"line":21}},"branchMap":{},"s":{"0":1,"1":1,"2":1,"3":0,"4":1,"5":0,"6":1,"7":0},"f":{"0":1,"1":0,"2":0,"3":0},"b":{},"_coverageSchema":"43e27e138ebf9cfc5966b082cf9a028302ed4184","hash":"8d0ecc82679a036b27fe9b533867a7be391a7307"}
,"/Users/gustavo/Desktop/Gustavo/TuringFrontEnd/src/actions/cart.js": {"path":"/Users/gustavo/Desktop/Gustavo/TuringFrontEnd/src/actions/cart.js","statementMap":{"0":{"start":{"line":8,"column":32},"end":{"line":11,"column":2}},"1":{"start":{"line":8,"column":46},"end":{"line":11,"column":1}},"2":{"start":{"line":13,"column":30},"end":{"line":16,"column":2}},"3":{"start":{"line":13,"column":44},"end":{"line":16,"column":1}}},"fnMap":{"0":{"name":"(anonymous_0)","decl":{"start":{"line":8,"column":32},"end":{"line":8,"column":33}},"loc":{"start":{"line":8,"column":46},"end":{"line":11,"column":1}},"line":8},"1":{"name":"(anonymous_1)","decl":{"start":{"line":13,"column":30},"end":{"line":13,"column":31}},"loc":{"start":{"line":13,"column":44},"end":{"line":16,"column":1}},"line":13}},"branchMap":{},"s":{"0":1,"1":0,"2":1,"3":0},"f":{"0":0,"1":0},"b":{},"_coverageSchema":"43e27e138ebf9cfc5966b082cf9a028302ed4184","hash":"3cc8098cff77e30e55bcbc575a6e6509797a3889"}
,"/Users/gustavo/Desktop/Gustavo/TuringFrontEnd/src/actions/index.js": {"path":"/Users/gustavo/Desktop/Gustavo/TuringFrontEnd/src/actions/index.js","statementMap":{},"fnMap":{},"branchMap":{},"s":{},"f":{},"b":{},"_coverageSchema":"43e27e138ebf9cfc5966b082cf9a028302ed4184","hash":"eaafe9aaadc01ee1b9ebfc7a1948b2a697ffa44b"}
,"/Users/gustavo/Desktop/Gustavo/TuringFrontEnd/src/actions/productDetail.js": {"path":"/Users/gustavo/Desktop/Gustavo/TuringFrontEnd/src/actions/productDetail.js","statementMap":{"0":{"start":{"line":9,"column":34},"end":{"line":12,"column":2}},"1":{"start":{"line":9,"column":48},"end":{"line":12,"column":1}},"2":{"start":{"line":14,"column":34},"end":{"line":17,"column":2}},"3":{"start":{"line":14,"column":48},"end":{"line":17,"column":1}}},"fnMap":{"0":{"name":"(anonymous_0)","decl":{"start":{"line":9,"column":34},"end":{"line":9,"column":35}},"loc":{"start":{"line":9,"column":48},"end":{"line":12,"column":1}},"line":9},"1":{"name":"(anonymous_1)","decl":{"start":{"line":14,"column":34},"end":{"line":14,"column":35}},"loc":{"start":{"line":14,"column":48},"end":{"line":17,"column":1}},"line":14}},"branchMap":{},"s":{"0":1,"1":0,"2":1,"3":0},"f":{"0":0,"1":0},"b":{},"_coverageSchema":"43e27e138ebf9cfc5966b082cf9a028302ed4184","hash":"78bad8c1d0a73f2e0278bac416f0318586a739cf"}
,"/Users/gustavo/Desktop/Gustavo/TuringFrontEnd/src/actions/products.js": {"path":"/Users/gustavo/Desktop/Gustavo/TuringFrontEnd/src/actions/products.js","statementMap":{"0":{"start":{"line":8,"column":32},"end":{"line":11,"column":2}},"1":{"start":{"line":8,"column":46},"end":{"line":11,"column":1}}},"fnMap":{"0":{"name":"(anonymous_0)","decl":{"start":{"line":8,"column":32},"end":{"line":8,"column":33}},"loc":{"start":{"line":8,"column":46},"end":{"line":11,"column":1}},"line":8}},"branchMap":{},"s":{"0":1,"1":0},"f":{"0":0},"b":{},"_coverageSchema":"43e27e138ebf9cfc5966b082cf9a028302ed4184","hash":"0485930a2e591a8bacf926da34e2cc08a2f22d42"}
,"/Users/gustavo/Desktop/Gustavo/TuringFrontEnd/src/actions/user.js": {"path":"/Users/gustavo/Desktop/Gustavo/TuringFrontEnd/src/actions/user.js","statementMap":{},"fnMap":{},"branchMap":{},"s":{},"f":{},"b":{},"_coverageSchema":"43e27e138ebf9cfc5966b082cf9a028302ed4184","hash":"099e4f161d56ebe98688051b2e934963af55d711"}
,"/Users/gustavo/Desktop/Gustavo/TuringFrontEnd/src/components/Button/index.jsx": {"path":"/Users/gustavo/Desktop/Gustavo/TuringFrontEnd/src/components/Button/index.jsx","statementMap":{"0":{"start":{"line":5,"column":8},"end":{"line":12,"column":9}},"1":{"start":{"line":7,"column":16},"end":{"line":7,"column":36}},"2":{"start":{"line":9,"column":16},"end":{"line":9,"column":34}},"3":{"start":{"line":11,"column":16},"end":{"line":11,"column":25}},"4":{"start":{"line":15,"column":8},"end":{"line":15,"column":51}},"5":{"start":{"line":18,"column":8},"end":{"line":29,"column":53}}},"fnMap":{"0":{"name":"(anonymous_0)","decl":{"start":{"line":4,"column":4},"end":{"line":4,"column":5}},"loc":{"start":{"line":4,"column":18},"end":{"line":13,"column":5}},"line":4},"1":{"name":"(anonymous_1)","decl":{"start":{"line":14,"column":4},"end":{"line":14,"column":5}},"loc":{"start":{"line":14,"column":15},"end":{"line":16,"column":5}},"line":14},"2":{"name":"(anonymous_2)","decl":{"start":{"line":17,"column":4},"end":{"line":17,"column":5}},"loc":{"start":{"line":17,"column":13},"end":{"line":30,"column":5}},"line":17}},"branchMap":{"0":{"loc":{"start":{"line":5,"column":8},"end":{"line":12,"column":9}},"type":"switch","locations":[{"start":{"line":6,"column":12},"end":{"line":7,"column":36}},{"start":{"line":8,"column":12},"end":{"line":9,"column":34}},{"start":{"line":10,"column":12},"end":{"line":11,"column":25}}],"line":5},"1":{"loc":{"start":{"line":15,"column":8},"end":{"line":15,"column":50}},"type":"binary-expr","locations":[{"start":{"line":15,"column":8},"end":{"line":15,"column":26}},{"start":{"line":15,"column":30},"end":{"line":15,"column":50}}],"line":15},"2":{"loc":{"start":{"line":22,"column":14},"end":{"line":22,"column":51}},"type":"cond-expr","locations":[{"start":{"line":22,"column":35},"end":{"line":22,"column":46}},{"start":{"line":22,"column":49},"end":{"line":22,"column":51}}],"line":22},"3":{"loc":{"start":{"line":24,"column":14},"end":{"line":24,"column":68}},"type":"cond-expr","locations":[{"start":{"line":24,"column":37},"end":{"line":24,"column":63}},{"start":{"line":24,"column":66},"end":{"line":24,"column":68}}],"line":24},"4":{"loc":{"start":{"line":26,"column":23},"end":{"line":26,"column":57}},"type":"cond-expr","locations":[{"start":{"line":26,"column":44},"end":{"line":26,"column":50}},{"start":{"line":26,"column":53},"end":{"line":26,"column":57}}],"line":26},"5":{"loc":{"start":{"line":27,"column":20},"end":{"line":27,"column":42}},"type":"binary-expr","locations":[{"start":{"line":27,"column":20},"end":{"line":27,"column":36}},{"start":{"line":27,"column":40},"end":{"line":27,"column":42}}],"line":27},"6":{"loc":{"start":{"line":29,"column":10},"end":{"line":29,"column":48}},"type":"binary-expr","locations":[{"start":{"line":29,"column":10},"end":{"line":29,"column":29}},{"start":{"line":29,"column":33},"end":{"line":29,"column":48}}],"line":29}},"s":{"0":1,"1":0,"2":1,"3":0,"4":0,"5":1},"f":{"0":1,"1":0,"2":1},"b":{"0":[0,1,0],"1":[0,0],"2":[1,0],"3":[0,1],"4":[0,1],"5":[1,1],"6":[1,1]},"_coverageSchema":"43e27e138ebf9cfc5966b082cf9a028302ed4184","hash":"45cbd810509e172461106329560f3778d52ef852"}
,"/Users/gustavo/Desktop/Gustavo/TuringFrontEnd/src/constants/app.js": {"path":"/Users/gustavo/Desktop/Gustavo/TuringFrontEnd/src/constants/app.js","statementMap":{"0":{"start":{"line":1,"column":30},"end":{"line":1,"column":50}},"1":{"start":{"line":2,"column":42},"end":{"line":2,"column":74}},"2":{"start":{"line":3,"column":39},"end":{"line":3,"column":68}},"3":{"start":{"line":4,"column":37},"end":{"line":4,"column":64}},"4":{"start":{"line":5,"column":29},"end":{"line":5,"column":48}},"5":{"start":{"line":8,"column":44},"end":{"line":8,"column":78}}},"fnMap":{},"branchMap":{},"s":{"0":2,"1":2,"2":2,"3":2,"4":2,"5":2},"f":{},"b":{},"_coverageSchema":"43e27e138ebf9cfc5966b082cf9a028302ed4184","hash":"b0de1eea0b5b41468a6204e05a3ed6be2400e397"}
,"/Users/gustavo/Desktop/Gustavo/TuringFrontEnd/src/constants/cart.js": {"path":"/Users/gustavo/Desktop/Gustavo/TuringFrontEnd/src/constants/cart.js","statementMap":{"0":{"start":{"line":2,"column":29},"end":{"line":2,"column":49}},"1":{"start":{"line":3,"column":32},"end":{"line":3,"column":55}},"2":{"start":{"line":4,"column":35},"end":{"line":4,"column":61}},"3":{"start":{"line":5,"column":38},"end":{"line":5,"column":67}},"4":{"start":{"line":6,"column":30},"end":{"line":6,"column":51}}},"fnMap":{},"branchMap":{},"s":{"0":2,"1":2,"2":2,"3":2,"4":2},"f":{},"b":{},"_coverageSchema":"43e27e138ebf9cfc5966b082cf9a028302ed4184","hash":"1a8a463cbb0d6cd1995e3413b23a699fa0b0beab"}
,"/Users/gustavo/Desktop/Gustavo/TuringFrontEnd/src/constants/index.js": {"path":"/Users/gustavo/Desktop/Gustavo/TuringFrontEnd/src/constants/index.js","statementMap":{},"fnMap":{},"branchMap":{},"s":{},"f":{},"b":{},"_coverageSchema":"43e27e138ebf9cfc5966b082cf9a028302ed4184","hash":"527ffa23a999430814da3cf94b36cfb2c7dac3ea"}
,"/Users/gustavo/Desktop/Gustavo/TuringFrontEnd/src/constants/productDetail.js": {"path":"/Users/gustavo/Desktop/Gustavo/TuringFrontEnd/src/constants/productDetail.js","statementMap":{"0":{"start":{"line":3,"column":34},"end":{"line":3,"column":68}},"1":{"start":{"line":4,"column":46},"end":{"line":4,"column":76}},"2":{"start":{"line":5,"column":34},"end":{"line":5,"column":68}},"3":{"start":{"line":7,"column":36},"end":{"line":7,"column":72}},"4":{"start":{"line":8,"column":36},"end":{"line":8,"column":72}},"5":{"start":{"line":9,"column":35},"end":{"line":9,"column":70}}},"fnMap":{},"branchMap":{},"s":{"0":2,"1":2,"2":2,"3":2,"4":2,"5":2},"f":{},"b":{},"_coverageSchema":"43e27e138ebf9cfc5966b082cf9a028302ed4184","hash":"8b5e105963788d6b35817e69df17a052e093861f"}
,"/Users/gustavo/Desktop/Gustavo/TuringFrontEnd/src/constants/products.js": {"path":"/Users/gustavo/Desktop/Gustavo/TuringFrontEnd/src/constants/products.js","statementMap":{"0":{"start":{"line":2,"column":28},"end":{"line":2,"column":51}},"1":{"start":{"line":3,"column":28},"end":{"line":3,"column":51}},"2":{"start":{"line":4,"column":34},"end":{"line":4,"column":63}},"3":{"start":{"line":5,"column":39},"end":{"line":5,"column":73}},"4":{"start":{"line":6,"column":33},"end":{"line":6,"column":61}},"5":{"start":{"line":8,"column":30},"end":{"line":8,"column":55}},"6":{"start":{"line":9,"column":38},"end":{"line":9,"column":71}}},"fnMap":{},"branchMap":{},"s":{"0":2,"1":2,"2":2,"3":2,"4":2,"5":2,"6":2},"f":{},"b":{},"_coverageSchema":"43e27e138ebf9cfc5966b082cf9a028302ed4184","hash":"af3159b794505dfce9fb53c98831d091a49eac1b"}
,"/Users/gustavo/Desktop/Gustavo/TuringFrontEnd/src/constants/user.js": {"path":"/Users/gustavo/Desktop/Gustavo/TuringFrontEnd/src/constants/user.js","statementMap":{},"fnMap":{},"branchMap":{},"s":{},"f":{},"b":{},"_coverageSchema":"43e27e138ebf9cfc5966b082cf9a028302ed4184","hash":"288c686afb067d9d8a872c42e01b6b2b3b9e643f"}
,"/Users/gustavo/Desktop/Gustavo/TuringFrontEnd/src/reducers/app.js": {"path":"/Users/gustavo/Desktop/Gustavo/TuringFrontEnd/src/reducers/app.js","statementMap":{"0":{"start":{"line":9,"column":22},"end":{"line":15,"column":1}},"1":{"start":{"line":18,"column":4},"end":{"line":47,"column":5}},"2":{"start":{"line":20,"column":12},"end":{"line":23,"column":13}},"3":{"start":{"line":25,"column":12},"end":{"line":29,"column":13}},"4":{"start":{"line":31,"column":12},"end":{"line":34,"column":13}},"5":{"start":{"line":36,"column":12},"end":{"line":39,"column":13}},"6":{"start":{"line":41,"column":12},"end":{"line":44,"column":13}},"7":{"start":{"line":46,"column":12},"end":{"line":46,"column":24}}},"fnMap":{"0":{"name":"(anonymous_0)","decl":{"start":{"line":17,"column":15},"end":{"line":17,"column":16}},"loc":{"start":{"line":17,"column":61},"end":{"line":48,"column":1}},"line":17}},"branchMap":{"0":{"loc":{"start":{"line":17,"column":16},"end":{"line":17,"column":37}},"type":"default-arg","locations":[{"start":{"line":17,"column":24},"end":{"line":17,"column":37}}],"line":17},"1":{"loc":{"start":{"line":18,"column":4},"end":{"line":47,"column":5}},"type":"switch","locations":[{"start":{"line":19,"column":8},"end":{"line":23,"column":13}},{"start":{"line":24,"column":8},"end":{"line":29,"column":13}},{"start":{"line":30,"column":8},"end":{"line":34,"column":13}},{"start":{"line":35,"column":8},"end":{"line":39,"column":13}},{"start":{"line":40,"column":8},"end":{"line":44,"column":13}},{"start":{"line":45,"column":8},"end":{"line":46,"column":24}}],"line":18}},"s":{"0":1,"1":3,"2":0,"3":0,"4":0,"5":0,"6":2,"7":1},"f":{"0":3},"b":{"0":[1],"1":[0,0,0,0,2,1]},"_coverageSchema":"43e27e138ebf9cfc5966b082cf9a028302ed4184","hash":"9d9ccb9fab9762907f811709ea10dd2e833ceaad"}
,"/Users/gustavo/Desktop/Gustavo/TuringFrontEnd/src/selectors/app.js": {"path":"/Users/gustavo/Desktop/Gustavo/TuringFrontEnd/src/selectors/app.js","statementMap":{"0":{"start":{"line":5,"column":21},"end":{"line":5,"column":49}},"1":{"start":{"line":5,"column":30},"end":{"line":5,"column":49}},"2":{"start":{"line":6,"column":33},"end":{"line":6,"column":73}},"3":{"start":{"line":6,"column":42},"end":{"line":6,"column":73}},"4":{"start":{"line":7,"column":28},"end":{"line":7,"column":63}},"5":{"start":{"line":7,"column":37},"end":{"line":7,"column":63}},"6":{"start":{"line":8,"column":30},"end":{"line":8,"column":67}},"7":{"start":{"line":8,"column":39},"end":{"line":8,"column":67}},"8":{"start":{"line":9,"column":20},"end":{"line":9,"column":47}},"9":{"start":{"line":9,"column":29},"end":{"line":9,"column":47}},"10":{"start":{"line":11,"column":20},"end":{"line":20,"column":1}},"11":{"start":{"line":13,"column":91},"end":{"line":19,"column":5}}},"fnMap":{"0":{"name":"(anonymous_0)","decl":{"start":{"line":5,"column":21},"end":{"line":5,"column":22}},"loc":{"start":{"line":5,"column":30},"end":{"line":5,"column":49}},"line":5},"1":{"name":"(anonymous_1)","decl":{"start":{"line":6,"column":33},"end":{"line":6,"column":34}},"loc":{"start":{"line":6,"column":42},"end":{"line":6,"column":73}},"line":6},"2":{"name":"(anonymous_2)","decl":{"start":{"line":7,"column":28},"end":{"line":7,"column":29}},"loc":{"start":{"line":7,"column":37},"end":{"line":7,"column":63}},"line":7},"3":{"name":"(anonymous_3)","decl":{"start":{"line":8,"column":30},"end":{"line":8,"column":31}},"loc":{"start":{"line":8,"column":39},"end":{"line":8,"column":67}},"line":8},"4":{"name":"(anonymous_4)","decl":{"start":{"line":9,"column":20},"end":{"line":9,"column":21}},"loc":{"start":{"line":9,"column":29},"end":{"line":9,"column":47}},"line":9},"5":{"name":"(anonymous_5)","decl":{"start":{"line":13,"column":4},"end":{"line":13,"column":5}},"loc":{"start":{"line":13,"column":91},"end":{"line":19,"column":5}},"line":13}},"branchMap":{},"s":{"0":1,"1":1,"2":1,"3":1,"4":1,"5":1,"6":1,"7":1,"8":1,"9":1,"10":1,"11":1},"f":{"0":1,"1":1,"2":1,"3":1,"4":1,"5":1},"b":{},"_coverageSchema":"43e27e138ebf9cfc5966b082cf9a028302ed4184","hash":"49f5cfd72d106f382b2e717150c5952ed16c97c5"}
}
