{"/Users/gustavo/Desktop/Gustavo/TuringFrontEnd/src/actions/app.js": {"path":"/Users/gustavo/Desktop/Gustavo/TuringFrontEnd/src/actions/app.js","statementMap":{"0":{"start":{"line":7,"column":28},"end":{"line":10,"column":2}},"1":{"start":{"line":7,"column":42},"end":{"line":10,"column":1}},"2":{"start":{"line":11,"column":27},"end":{"line":14,"column":2}},"3":{"start":{"line":11,"column":41},"end":{"line":14,"column":1}},"4":{"start":{"line":15,"column":29},"end":{"line":18,"column":2}},"5":{"start":{"line":15,"column":43},"end":{"line":18,"column":1}}},"fnMap":{"0":{"name":"(anonymous_0)","decl":{"start":{"line":7,"column":28},"end":{"line":7,"column":29}},"loc":{"start":{"line":7,"column":42},"end":{"line":10,"column":1}},"line":7},"1":{"name":"(anonymous_1)","decl":{"start":{"line":11,"column":27},"end":{"line":11,"column":28}},"loc":{"start":{"line":11,"column":41},"end":{"line":14,"column":1}},"line":11},"2":{"name":"(anonymous_2)","decl":{"start":{"line":15,"column":29},"end":{"line":15,"column":30}},"loc":{"start":{"line":15,"column":43},"end":{"line":18,"column":1}},"line":15}},"branchMap":{},"s":{"0":1,"1":1,"2":1,"3":0,"4":1,"5":0},"f":{"0":1,"1":0,"2":0},"b":{},"_coverageSchema":"43e27e138ebf9cfc5966b082cf9a028302ed4184","hash":"0f48d01120b7937397830db5e311b2f86ea3326d"}
,"/Users/gustavo/Desktop/Gustavo/TuringFrontEnd/src/actions/cart.js": {"path":"/Users/gustavo/Desktop/Gustavo/TuringFrontEnd/src/actions/cart.js","statementMap":{},"fnMap":{},"branchMap":{},"s":{},"f":{},"b":{},"_coverageSchema":"43e27e138ebf9cfc5966b082cf9a028302ed4184","hash":"32a1cba445528b0d2d99d2c77a6f3aa77c251650"}
,"/Users/gustavo/Desktop/Gustavo/TuringFrontEnd/src/actions/index.js": {"path":"/Users/gustavo/Desktop/Gustavo/TuringFrontEnd/src/actions/index.js","statementMap":{},"fnMap":{},"branchMap":{},"s":{},"f":{},"b":{},"_coverageSchema":"43e27e138ebf9cfc5966b082cf9a028302ed4184","hash":"eaafe9aaadc01ee1b9ebfc7a1948b2a697ffa44b"}
,"/Users/gustavo/Desktop/Gustavo/TuringFrontEnd/src/actions/products.js": {"path":"/Users/gustavo/Desktop/Gustavo/TuringFrontEnd/src/actions/products.js","statementMap":{},"fnMap":{},"branchMap":{},"s":{},"f":{},"b":{},"_coverageSchema":"43e27e138ebf9cfc5966b082cf9a028302ed4184","hash":"900590e734b45d485164eecd5623625b04f098c1"}
,"/Users/gustavo/Desktop/Gustavo/TuringFrontEnd/src/actions/user.js": {"path":"/Users/gustavo/Desktop/Gustavo/TuringFrontEnd/src/actions/user.js","statementMap":{},"fnMap":{},"branchMap":{},"s":{},"f":{},"b":{},"_coverageSchema":"43e27e138ebf9cfc5966b082cf9a028302ed4184","hash":"099e4f161d56ebe98688051b2e934963af55d711"}
,"/Users/gustavo/Desktop/Gustavo/TuringFrontEnd/src/components/Button/index.jsx": {"path":"/Users/gustavo/Desktop/Gustavo/TuringFrontEnd/src/components/Button/index.jsx","statementMap":{"0":{"start":{"line":5,"column":8},"end":{"line":12,"column":9}},"1":{"start":{"line":7,"column":16},"end":{"line":7,"column":36}},"2":{"start":{"line":9,"column":16},"end":{"line":9,"column":34}},"3":{"start":{"line":11,"column":16},"end":{"line":11,"column":25}},"4":{"start":{"line":15,"column":8},"end":{"line":15,"column":51}},"5":{"start":{"line":18,"column":8},"end":{"line":29,"column":30}}},"fnMap":{"0":{"name":"(anonymous_0)","decl":{"start":{"line":4,"column":4},"end":{"line":4,"column":5}},"loc":{"start":{"line":4,"column":18},"end":{"line":13,"column":5}},"line":4},"1":{"name":"(anonymous_1)","decl":{"start":{"line":14,"column":4},"end":{"line":14,"column":5}},"loc":{"start":{"line":14,"column":15},"end":{"line":16,"column":5}},"line":14},"2":{"name":"(anonymous_2)","decl":{"start":{"line":17,"column":4},"end":{"line":17,"column":5}},"loc":{"start":{"line":17,"column":13},"end":{"line":30,"column":5}},"line":17}},"branchMap":{"0":{"loc":{"start":{"line":5,"column":8},"end":{"line":12,"column":9}},"type":"switch","locations":[{"start":{"line":6,"column":12},"end":{"line":7,"column":36}},{"start":{"line":8,"column":12},"end":{"line":9,"column":34}},{"start":{"line":10,"column":12},"end":{"line":11,"column":25}}],"line":5},"1":{"loc":{"start":{"line":15,"column":8},"end":{"line":15,"column":50}},"type":"binary-expr","locations":[{"start":{"line":15,"column":8},"end":{"line":15,"column":26}},{"start":{"line":15,"column":30},"end":{"line":15,"column":50}}],"line":15},"2":{"loc":{"start":{"line":22,"column":14},"end":{"line":22,"column":51}},"type":"cond-expr","locations":[{"start":{"line":22,"column":35},"end":{"line":22,"column":46}},{"start":{"line":22,"column":49},"end":{"line":22,"column":51}}],"line":22},"3":{"loc":{"start":{"line":24,"column":14},"end":{"line":24,"column":68}},"type":"cond-expr","locations":[{"start":{"line":24,"column":37},"end":{"line":24,"column":63}},{"start":{"line":24,"column":66},"end":{"line":24,"column":68}}],"line":24},"4":{"loc":{"start":{"line":26,"column":23},"end":{"line":26,"column":57}},"type":"cond-expr","locations":[{"start":{"line":26,"column":44},"end":{"line":26,"column":50}},{"start":{"line":26,"column":53},"end":{"line":26,"column":57}}],"line":26},"5":{"loc":{"start":{"line":27,"column":20},"end":{"line":27,"column":42}},"type":"binary-expr","locations":[{"start":{"line":27,"column":20},"end":{"line":27,"column":36}},{"start":{"line":27,"column":40},"end":{"line":27,"column":42}}],"line":27}},"s":{"0":1,"1":0,"2":1,"3":0,"4":0,"5":1},"f":{"0":1,"1":0,"2":1},"b":{"0":[0,1,0],"1":[0,0],"2":[1,0],"3":[0,1],"4":[0,1],"5":[1,1]},"_coverageSchema":"43e27e138ebf9cfc5966b082cf9a028302ed4184","hash":"70b371655230e6eec51894653c7e63c95d3ebadb"}
,"/Users/gustavo/Desktop/Gustavo/TuringFrontEnd/src/constants/app.js": {"path":"/Users/gustavo/Desktop/Gustavo/TuringFrontEnd/src/constants/app.js","statementMap":{"0":{"start":{"line":1,"column":30},"end":{"line":1,"column":50}},"1":{"start":{"line":2,"column":42},"end":{"line":2,"column":74}},"2":{"start":{"line":3,"column":39},"end":{"line":3,"column":68}},"3":{"start":{"line":4,"column":37},"end":{"line":4,"column":64}},"4":{"start":{"line":7,"column":44},"end":{"line":7,"column":78}}},"fnMap":{},"branchMap":{},"s":{"0":2,"1":2,"2":2,"3":2,"4":2},"f":{},"b":{},"_coverageSchema":"43e27e138ebf9cfc5966b082cf9a028302ed4184","hash":"fd5472af51e3ba18e52c8cf26de2c320c6025edf"}
,"/Users/gustavo/Desktop/Gustavo/TuringFrontEnd/src/constants/cart.js": {"path":"/Users/gustavo/Desktop/Gustavo/TuringFrontEnd/src/constants/cart.js","statementMap":{},"fnMap":{},"branchMap":{},"s":{},"f":{},"b":{},"_coverageSchema":"43e27e138ebf9cfc5966b082cf9a028302ed4184","hash":"2fa1fc67b874a020ecdb8469d8f16afd8c5fbce8"}
,"/Users/gustavo/Desktop/Gustavo/TuringFrontEnd/src/constants/index.js": {"path":"/Users/gustavo/Desktop/Gustavo/TuringFrontEnd/src/constants/index.js","statementMap":{},"fnMap":{},"branchMap":{},"s":{},"f":{},"b":{},"_coverageSchema":"43e27e138ebf9cfc5966b082cf9a028302ed4184","hash":"527ffa23a999430814da3cf94b36cfb2c7dac3ea"}
,"/Users/gustavo/Desktop/Gustavo/TuringFrontEnd/src/constants/products.js": {"path":"/Users/gustavo/Desktop/Gustavo/TuringFrontEnd/src/constants/products.js","statementMap":{"0":{"start":{"line":2,"column":28},"end":{"line":2,"column":51}},"1":{"start":{"line":3,"column":28},"end":{"line":3,"column":51}},"2":{"start":{"line":4,"column":39},"end":{"line":4,"column":73}},"3":{"start":{"line":6,"column":30},"end":{"line":6,"column":55}}},"fnMap":{},"branchMap":{},"s":{"0":2,"1":2,"2":2,"3":2},"f":{},"b":{},"_coverageSchema":"43e27e138ebf9cfc5966b082cf9a028302ed4184","hash":"e6cb3b1e1e41f83f4c6b960270fc7e37f3c39855"}
,"/Users/gustavo/Desktop/Gustavo/TuringFrontEnd/src/constants/user.js": {"path":"/Users/gustavo/Desktop/Gustavo/TuringFrontEnd/src/constants/user.js","statementMap":{},"fnMap":{},"branchMap":{},"s":{},"f":{},"b":{},"_coverageSchema":"43e27e138ebf9cfc5966b082cf9a028302ed4184","hash":"288c686afb067d9d8a872c42e01b6b2b3b9e643f"}
,"/Users/gustavo/Desktop/Gustavo/TuringFrontEnd/src/reducers/app.js": {"path":"/Users/gustavo/Desktop/Gustavo/TuringFrontEnd/src/reducers/app.js","statementMap":{"0":{"start":{"line":8,"column":22},"end":{"line":13,"column":1}},"1":{"start":{"line":16,"column":4},"end":{"line":40,"column":5}},"2":{"start":{"line":18,"column":12},"end":{"line":22,"column":13}},"3":{"start":{"line":24,"column":12},"end":{"line":27,"column":13}},"4":{"start":{"line":29,"column":12},"end":{"line":32,"column":13}},"5":{"start":{"line":34,"column":12},"end":{"line":37,"column":13}},"6":{"start":{"line":39,"column":12},"end":{"line":39,"column":24}}},"fnMap":{"0":{"name":"(anonymous_0)","decl":{"start":{"line":15,"column":15},"end":{"line":15,"column":16}},"loc":{"start":{"line":15,"column":61},"end":{"line":41,"column":1}},"line":15}},"branchMap":{"0":{"loc":{"start":{"line":15,"column":16},"end":{"line":15,"column":37}},"type":"default-arg","locations":[{"start":{"line":15,"column":24},"end":{"line":15,"column":37}}],"line":15},"1":{"loc":{"start":{"line":16,"column":4},"end":{"line":40,"column":5}},"type":"switch","locations":[{"start":{"line":17,"column":8},"end":{"line":22,"column":13}},{"start":{"line":23,"column":8},"end":{"line":27,"column":13}},{"start":{"line":28,"column":8},"end":{"line":32,"column":13}},{"start":{"line":33,"column":8},"end":{"line":37,"column":13}},{"start":{"line":38,"column":8},"end":{"line":39,"column":24}}],"line":16}},"s":{"0":1,"1":3,"2":0,"3":0,"4":0,"5":2,"6":1},"f":{"0":3},"b":{"0":[1],"1":[0,0,0,2,1]},"_coverageSchema":"43e27e138ebf9cfc5966b082cf9a028302ed4184","hash":"1cadd9b6ada48e62e0adc851bed822fec76ae7ad"}
,"/Users/gustavo/Desktop/Gustavo/TuringFrontEnd/src/selectors/app.js": {"path":"/Users/gustavo/Desktop/Gustavo/TuringFrontEnd/src/selectors/app.js","statementMap":{"0":{"start":{"line":5,"column":21},"end":{"line":5,"column":49}},"1":{"start":{"line":5,"column":30},"end":{"line":5,"column":49}},"2":{"start":{"line":6,"column":33},"end":{"line":6,"column":73}},"3":{"start":{"line":6,"column":42},"end":{"line":6,"column":73}},"4":{"start":{"line":7,"column":28},"end":{"line":7,"column":63}},"5":{"start":{"line":7,"column":37},"end":{"line":7,"column":63}},"6":{"start":{"line":8,"column":30},"end":{"line":8,"column":67}},"7":{"start":{"line":8,"column":39},"end":{"line":8,"column":67}},"8":{"start":{"line":10,"column":20},"end":{"line":18,"column":1}},"9":{"start":{"line":12,"column":81},"end":{"line":17,"column":5}}},"fnMap":{"0":{"name":"(anonymous_0)","decl":{"start":{"line":5,"column":21},"end":{"line":5,"column":22}},"loc":{"start":{"line":5,"column":30},"end":{"line":5,"column":49}},"line":5},"1":{"name":"(anonymous_1)","decl":{"start":{"line":6,"column":33},"end":{"line":6,"column":34}},"loc":{"start":{"line":6,"column":42},"end":{"line":6,"column":73}},"line":6},"2":{"name":"(anonymous_2)","decl":{"start":{"line":7,"column":28},"end":{"line":7,"column":29}},"loc":{"start":{"line":7,"column":37},"end":{"line":7,"column":63}},"line":7},"3":{"name":"(anonymous_3)","decl":{"start":{"line":8,"column":30},"end":{"line":8,"column":31}},"loc":{"start":{"line":8,"column":39},"end":{"line":8,"column":67}},"line":8},"4":{"name":"(anonymous_4)","decl":{"start":{"line":12,"column":4},"end":{"line":12,"column":5}},"loc":{"start":{"line":12,"column":81},"end":{"line":17,"column":5}},"line":12}},"branchMap":{},"s":{"0":1,"1":1,"2":1,"3":1,"4":1,"5":1,"6":1,"7":1,"8":1,"9":1},"f":{"0":1,"1":1,"2":1,"3":1,"4":1},"b":{},"_coverageSchema":"43e27e138ebf9cfc5966b082cf9a028302ed4184","hash":"016cbe7ee22fe5d5e4cfefa8183b0eb77794e8dc"}
}
