TN:
SF:/Users/gustavo/Desktop/Gustavo/TuringFrontEnd/src/actions/app.js
FN:8,(anonymous_0)
FN:12,(anonymous_1)
FN:16,(anonymous_2)
FN:21,(anonymous_3)
FNF:4
FNH:1
FNDA:1,(anonymous_0)
FNDA:0,(anonymous_1)
FNDA:0,(anonymous_2)
FNDA:0,(anonymous_3)
DA:8,1
DA:12,1
DA:16,1
DA:21,1
LF:4
LH:4
BRF:0
BRH:0
end_of_record
TN:
SF:/Users/gustavo/Desktop/Gustavo/TuringFrontEnd/src/actions/cart.js
FN:8,(anonymous_0)
FN:13,(anonymous_1)
FNF:2
FNH:0
FNDA:0,(anonymous_0)
FNDA:0,(anonymous_1)
DA:8,1
DA:13,1
LF:2
LH:2
BRF:0
BRH:0
end_of_record
TN:
SF:/Users/gustavo/Desktop/Gustavo/TuringFrontEnd/src/actions/index.js
FNF:0
FNH:0
LF:0
LH:0
BRF:0
BRH:0
end_of_record
TN:
SF:/Users/gustavo/Desktop/Gustavo/TuringFrontEnd/src/actions/productDetail.js
FN:9,(anonymous_0)
FN:14,(anonymous_1)
FNF:2
FNH:0
FNDA:0,(anonymous_0)
FNDA:0,(anonymous_1)
DA:9,1
DA:14,1
LF:2
LH:2
BRF:0
BRH:0
end_of_record
TN:
SF:/Users/gustavo/Desktop/Gustavo/TuringFrontEnd/src/actions/products.js
FN:8,(anonymous_0)
FNF:1
FNH:0
FNDA:0,(anonymous_0)
DA:8,1
LF:1
LH:1
BRF:0
BRH:0
end_of_record
TN:
SF:/Users/gustavo/Desktop/Gustavo/TuringFrontEnd/src/actions/user.js
FNF:0
FNH:0
LF:0
LH:0
BRF:0
BRH:0
end_of_record
TN:
SF:/Users/gustavo/Desktop/Gustavo/TuringFrontEnd/src/components/Button/index.jsx
FN:4,(anonymous_0)
FN:14,(anonymous_1)
FN:17,(anonymous_2)
FNF:3
FNH:2
FNDA:1,(anonymous_0)
FNDA:0,(anonymous_1)
FNDA:1,(anonymous_2)
DA:5,1
DA:7,0
DA:9,1
DA:11,0
DA:15,0
DA:18,1
LF:6
LH:3
BRDA:5,0,0,0
BRDA:5,0,1,1
BRDA:5,0,2,0
BRDA:15,1,0,0
BRDA:15,1,1,0
BRDA:22,2,0,1
BRDA:22,2,1,0
BRDA:24,3,0,0
BRDA:24,3,1,1
BRDA:26,4,0,0
BRDA:26,4,1,1
BRDA:27,5,0,1
BRDA:27,5,1,1
BRDA:29,6,0,1
BRDA:29,6,1,1
BRF:15
BRH:8
end_of_record
TN:
SF:/Users/gustavo/Desktop/Gustavo/TuringFrontEnd/src/constants/app.js
FNF:0
FNH:0
DA:1,2
DA:2,2
DA:3,2
DA:4,2
DA:5,2
DA:8,2
LF:6
LH:6
BRF:0
BRH:0
end_of_record
TN:
SF:/Users/gustavo/Desktop/Gustavo/TuringFrontEnd/src/constants/cart.js
FNF:0
FNH:0
DA:2,2
DA:3,2
DA:4,2
DA:5,2
DA:6,2
LF:5
LH:5
BRF:0
BRH:0
end_of_record
TN:
SF:/Users/gustavo/Desktop/Gustavo/TuringFrontEnd/src/constants/index.js
FNF:0
FNH:0
LF:0
LH:0
BRF:0
BRH:0
end_of_record
TN:
SF:/Users/gustavo/Desktop/Gustavo/TuringFrontEnd/src/constants/productDetail.js
FNF:0
FNH:0
DA:3,2
DA:4,2
DA:5,2
DA:7,2
DA:8,2
DA:9,2
LF:6
LH:6
BRF:0
BRH:0
end_of_record
TN:
SF:/Users/gustavo/Desktop/Gustavo/TuringFrontEnd/src/constants/products.js
FNF:0
FNH:0
DA:2,2
DA:3,2
DA:4,2
DA:5,2
DA:6,2
DA:8,2
DA:9,2
LF:7
LH:7
BRF:0
BRH:0
end_of_record
TN:
SF:/Users/gustavo/Desktop/Gustavo/TuringFrontEnd/src/constants/user.js
FNF:0
FNH:0
LF:0
LH:0
BRF:0
BRH:0
end_of_record
TN:
SF:/Users/gustavo/Desktop/Gustavo/TuringFrontEnd/src/reducers/app.js
FN:17,(anonymous_0)
FNF:1
FNH:1
FNDA:3,(anonymous_0)
DA:9,1
DA:18,3
DA:20,0
DA:25,0
DA:31,0
DA:36,0
DA:41,2
DA:46,1
LF:8
LH:4
BRDA:17,0,0,1
BRDA:18,1,0,0
BRDA:18,1,1,0
BRDA:18,1,2,0
BRDA:18,1,3,0
BRDA:18,1,4,2
BRDA:18,1,5,1
BRF:7
BRH:3
end_of_record
TN:
SF:/Users/gustavo/Desktop/Gustavo/TuringFrontEnd/src/selectors/app.js
FN:5,(anonymous_0)
FN:6,(anonymous_1)
FN:7,(anonymous_2)
FN:8,(anonymous_3)
FN:9,(anonymous_4)
FN:13,(anonymous_5)
FNF:6
FNH:6
FNDA:1,(anonymous_0)
FNDA:1,(anonymous_1)
FNDA:1,(anonymous_2)
FNDA:1,(anonymous_3)
FNDA:1,(anonymous_4)
FNDA:1,(anonymous_5)
DA:5,1
DA:6,1
DA:7,1
DA:8,1
DA:9,1
DA:11,1
DA:13,1
LF:7
LH:7
BRF:0
BRH:0
end_of_record
