TN:
SF:/Users/gustavo/Desktop/Gustavo/TuringFrontEnd/src/actions/app.js
FN:7,(anonymous_0)
FN:11,(anonymous_1)
FN:15,(anonymous_2)
FNF:3
FNH:1
FNDA:1,(anonymous_0)
FNDA:0,(anonymous_1)
FNDA:0,(anonymous_2)
DA:7,1
DA:11,1
DA:15,1
LF:3
LH:3
BRF:0
BRH:0
end_of_record
TN:
SF:/Users/gustavo/Desktop/Gustavo/TuringFrontEnd/src/actions/cart.js
FNF:0
FNH:0
LF:0
LH:0
BRF:0
BRH:0
end_of_record
TN:
SF:/Users/gustavo/Desktop/Gustavo/TuringFrontEnd/src/actions/index.js
FNF:0
FNH:0
LF:0
LH:0
BRF:0
BRH:0
end_of_record
TN:
SF:/Users/gustavo/Desktop/Gustavo/TuringFrontEnd/src/actions/products.js
FNF:0
FNH:0
LF:0
LH:0
BRF:0
BRH:0
end_of_record
TN:
SF:/Users/gustavo/Desktop/Gustavo/TuringFrontEnd/src/actions/user.js
FNF:0
FNH:0
LF:0
LH:0
BRF:0
BRH:0
end_of_record
TN:
SF:/Users/gustavo/Desktop/Gustavo/TuringFrontEnd/src/components/Button/index.jsx
FN:4,(anonymous_0)
FN:14,(anonymous_1)
FN:17,(anonymous_2)
FNF:3
FNH:2
FNDA:1,(anonymous_0)
FNDA:0,(anonymous_1)
FNDA:1,(anonymous_2)
DA:5,1
DA:7,0
DA:9,1
DA:11,0
DA:15,0
DA:18,1
LF:6
LH:3
BRDA:5,0,0,0
BRDA:5,0,1,1
BRDA:5,0,2,0
BRDA:15,1,0,0
BRDA:15,1,1,0
BRDA:22,2,0,1
BRDA:22,2,1,0
BRDA:24,3,0,0
BRDA:24,3,1,1
BRDA:26,4,0,0
BRDA:26,4,1,1
BRDA:27,5,0,1
BRDA:27,5,1,1
BRF:13
BRH:6
end_of_record
TN:
SF:/Users/gustavo/Desktop/Gustavo/TuringFrontEnd/src/constants/app.js
FNF:0
FNH:0
DA:1,2
DA:2,2
DA:3,2
DA:4,2
DA:7,2
LF:5
LH:5
BRF:0
BRH:0
end_of_record
TN:
SF:/Users/gustavo/Desktop/Gustavo/TuringFrontEnd/src/constants/cart.js
FNF:0
FNH:0
LF:0
LH:0
BRF:0
BRH:0
end_of_record
TN:
SF:/Users/gustavo/Desktop/Gustavo/TuringFrontEnd/src/constants/index.js
FNF:0
FNH:0
LF:0
LH:0
BRF:0
BRH:0
end_of_record
TN:
SF:/Users/gustavo/Desktop/Gustavo/TuringFrontEnd/src/constants/products.js
FNF:0
FNH:0
DA:2,2
DA:3,2
DA:4,2
DA:6,2
LF:4
LH:4
BRF:0
BRH:0
end_of_record
TN:
SF:/Users/gustavo/Desktop/Gustavo/TuringFrontEnd/src/constants/user.js
FNF:0
FNH:0
LF:0
LH:0
BRF:0
BRH:0
end_of_record
TN:
SF:/Users/gustavo/Desktop/Gustavo/TuringFrontEnd/src/reducers/app.js
FN:15,(anonymous_0)
FNF:1
FNH:1
FNDA:3,(anonymous_0)
DA:8,1
DA:16,3
DA:18,0
DA:24,0
DA:29,0
DA:34,2
DA:39,1
LF:7
LH:4
BRDA:15,0,0,1
BRDA:16,1,0,0
BRDA:16,1,1,0
BRDA:16,1,2,0
BRDA:16,1,3,2
BRDA:16,1,4,1
BRF:6
BRH:3
end_of_record
TN:
SF:/Users/gustavo/Desktop/Gustavo/TuringFrontEnd/src/selectors/app.js
FN:5,(anonymous_0)
FN:6,(anonymous_1)
FN:7,(anonymous_2)
FN:8,(anonymous_3)
FN:12,(anonymous_4)
FNF:5
FNH:5
FNDA:1,(anonymous_0)
FNDA:1,(anonymous_1)
FNDA:1,(anonymous_2)
FNDA:1,(anonymous_3)
FNDA:1,(anonymous_4)
DA:5,1
DA:6,1
DA:7,1
DA:8,1
DA:10,1
DA:12,1
LF:6
LH:6
BRF:0
BRH:0
end_of_record
